24/11/07 12:58:59 WARN NativeCodeLoader: Unable to load native-hadoop library for your platform... using builtin-java classes where applicable
24/11/07 12:59:02 INFO SparkContext: Running Spark version 3.3.2
24/11/07 12:59:02 INFO ResourceUtils: ==============================================================
24/11/07 12:59:02 INFO ResourceUtils: No custom resources configured for spark.driver.
24/11/07 12:59:02 INFO ResourceUtils: ==============================================================
24/11/07 12:59:02 INFO SparkContext: Submitted application: Create Intervention DataFrame
24/11/07 12:59:02 INFO ResourceProfile: Default ResourceProfile created, executor resources: Map(cores -> name: cores, amount: 1, script: , vendor: , memory -> name: memory, amount: 1024, script: , vendor: , offHeap -> name: offHeap, amount: 0, script: , vendor: ), task resources: Map(cpus -> name: cpus, amount: 1.0)
24/11/07 12:59:02 INFO ResourceProfile: Limiting resource is cpu
24/11/07 12:59:02 INFO ResourceProfileManager: Added ResourceProfile id: 0
24/11/07 12:59:02 INFO SecurityManager: Changing view acls to: asarria
24/11/07 12:59:02 INFO SecurityManager: Changing modify acls to: asarria
24/11/07 12:59:02 INFO SecurityManager: Changing view acls groups to: 
24/11/07 12:59:02 INFO SecurityManager: Changing modify acls groups to: 
24/11/07 12:59:02 INFO SecurityManager: SecurityManager: authentication disabled; ui acls disabled; users  with view permissions: Set(asarria); groups with view permissions: Set(); users  with modify permissions: Set(asarria); groups with modify permissions: Set()
24/11/07 12:59:02 INFO Utils: Successfully started service 'sparkDriver' on port 39597.
24/11/07 12:59:02 INFO SparkEnv: Registering MapOutputTracker
24/11/07 12:59:02 INFO SparkEnv: Registering BlockManagerMaster
24/11/07 12:59:02 INFO BlockManagerMasterEndpoint: Using org.apache.spark.storage.DefaultTopologyMapper for getting topology information
24/11/07 12:59:02 INFO BlockManagerMasterEndpoint: BlockManagerMasterEndpoint up
24/11/07 12:59:02 INFO SparkEnv: Registering BlockManagerMasterHeartbeat
24/11/07 12:59:02 INFO DiskBlockManager: Created local directory at /tmp/blockmgr-90e8ac09-888c-49ab-a477-90072778293b
24/11/07 12:59:02 INFO MemoryStore: MemoryStore started with capacity 434.4 MiB
24/11/07 12:59:02 INFO SparkEnv: Registering OutputCommitCoordinator
24/11/07 12:59:03 INFO Utils: Successfully started service 'SparkUI' on port 4040.
24/11/07 12:59:03 INFO SparkContext: Added JAR file:///project/macs40123/spark-jars/graphframes-0.8.3-spark3.4-s_2.12.jar at spark://midway3-0149.rcc.local:39597/jars/graphframes-0.8.3-spark3.4-s_2.12.jar with timestamp 1731005942496
24/11/07 12:59:03 INFO Executor: Starting executor ID driver on host midway3-0149.rcc.local
24/11/07 12:59:03 INFO Executor: Starting executor with user classpath (userClassPathFirst = false): ''
24/11/07 12:59:03 INFO Executor: Fetching spark://midway3-0149.rcc.local:39597/jars/graphframes-0.8.3-spark3.4-s_2.12.jar with timestamp 1731005942496
24/11/07 12:59:03 INFO TransportClientFactory: Successfully created connection to midway3-0149.rcc.local/10.50.250.149:39597 after 19 ms (0 ms spent in bootstraps)
24/11/07 12:59:03 INFO Utils: Fetching spark://midway3-0149.rcc.local:39597/jars/graphframes-0.8.3-spark3.4-s_2.12.jar to /tmp/spark-62491d8d-4788-44af-ad9b-7bef5e249109/userFiles-3d09273c-0c41-4658-812a-76540c7a3cbb/fetchFileTemp1992474453919238667.tmp
24/11/07 12:59:03 INFO Executor: Adding file:/tmp/spark-62491d8d-4788-44af-ad9b-7bef5e249109/userFiles-3d09273c-0c41-4658-812a-76540c7a3cbb/graphframes-0.8.3-spark3.4-s_2.12.jar to class loader
24/11/07 12:59:03 INFO Utils: Successfully started service 'org.apache.spark.network.netty.NettyBlockTransferService' on port 35457.
24/11/07 12:59:03 INFO NettyBlockTransferService: Server created on midway3-0149.rcc.local:35457
24/11/07 12:59:03 INFO BlockManager: Using org.apache.spark.storage.RandomBlockReplicationPolicy for block replication policy
24/11/07 12:59:03 INFO BlockManagerMaster: Registering BlockManager BlockManagerId(driver, midway3-0149.rcc.local, 35457, None)
24/11/07 12:59:03 INFO BlockManagerMasterEndpoint: Registering block manager midway3-0149.rcc.local:35457 with 434.4 MiB RAM, BlockManagerId(driver, midway3-0149.rcc.local, 35457, None)
24/11/07 12:59:03 INFO BlockManagerMaster: Registered BlockManager BlockManagerId(driver, midway3-0149.rcc.local, 35457, None)
24/11/07 12:59:03 INFO BlockManager: Initialized BlockManager: BlockManagerId(driver, midway3-0149.rcc.local, 35457, None)
Starting Spark job...
24/11/07 12:59:03 INFO SharedState: Setting hive.metastore.warehouse.dir ('null') to the value of spark.sql.warehouse.dir.
24/11/07 12:59:03 INFO SharedState: Warehouse path is 'file:/home/asarria/ideology/spark-warehouse'.
24/11/07 12:59:04 INFO InMemoryFileIndex: It took 28 ms to list leaf files for 1 paths.
CSV file read successfully
24/11/07 12:59:05 INFO FileSourceStrategy: Pushed Filters: 
24/11/07 12:59:05 INFO FileSourceStrategy: Post-Scan Filters: (size(split(regexp_replace(interventions#7, ^\[|\]$, , 1), \], \[, -1), true) > 0),isnotnull(split(regexp_replace(interventions#7, ^\[|\]$, , 1), \], \[, -1))
24/11/07 12:59:05 INFO FileSourceStrategy: Output Data Schema: struct<id: string, interventions: string>
24/11/07 12:59:06 INFO FileOutputCommitter: File Output Committer Algorithm version is 1
24/11/07 12:59:06 INFO FileOutputCommitter: FileOutputCommitter skip cleanup _temporary folders under output directory:false, ignore cleanup failures: false
24/11/07 12:59:06 INFO SQLHadoopMapReduceCommitProtocol: Using output committer class org.apache.hadoop.mapreduce.lib.output.FileOutputCommitter
24/11/07 12:59:06 INFO CodeGenerator: Code generated in 171.122751 ms
24/11/07 12:59:06 INFO MemoryStore: Block broadcast_0 stored as values in memory (estimated size 200.6 KiB, free 434.2 MiB)
24/11/07 12:59:06 INFO MemoryStore: Block broadcast_0_piece0 stored as bytes in memory (estimated size 34.5 KiB, free 434.2 MiB)
24/11/07 12:59:06 INFO BlockManagerInfo: Added broadcast_0_piece0 in memory on midway3-0149.rcc.local:35457 (size: 34.5 KiB, free: 434.4 MiB)
24/11/07 12:59:06 INFO SparkContext: Created broadcast 0 from csv at NativeMethodAccessorImpl.java:0
24/11/07 12:59:06 INFO FileSourceScanExec: Planning scan with bin packing, max size: 268435456 bytes, open cost is considered as scanning 4194304 bytes.
24/11/07 12:59:06 INFO SparkContext: Starting job: csv at NativeMethodAccessorImpl.java:0
24/11/07 12:59:06 INFO DAGScheduler: Got job 0 (csv at NativeMethodAccessorImpl.java:0) with 1 output partitions
24/11/07 12:59:06 INFO DAGScheduler: Final stage: ResultStage 0 (csv at NativeMethodAccessorImpl.java:0)
24/11/07 12:59:06 INFO DAGScheduler: Parents of final stage: List()
24/11/07 12:59:06 INFO DAGScheduler: Missing parents: List()
24/11/07 12:59:06 INFO DAGScheduler: Submitting ResultStage 0 (MapPartitionsRDD[2] at csv at NativeMethodAccessorImpl.java:0), which has no missing parents
24/11/07 12:59:06 INFO MemoryStore: Block broadcast_1 stored as values in memory (estimated size 222.1 KiB, free 434.0 MiB)
24/11/07 12:59:06 INFO MemoryStore: Block broadcast_1_piece0 stored as bytes in memory (estimated size 79.3 KiB, free 433.9 MiB)
24/11/07 12:59:06 INFO BlockManagerInfo: Added broadcast_1_piece0 in memory on midway3-0149.rcc.local:35457 (size: 79.3 KiB, free: 434.3 MiB)
24/11/07 12:59:06 INFO SparkContext: Created broadcast 1 from broadcast at DAGScheduler.scala:1513
24/11/07 12:59:06 INFO DAGScheduler: Submitting 1 missing tasks from ResultStage 0 (MapPartitionsRDD[2] at csv at NativeMethodAccessorImpl.java:0) (first 15 tasks are for partitions Vector(0))
24/11/07 12:59:06 INFO TaskSchedulerImpl: Adding task set 0.0 with 1 tasks resource profile 0
24/11/07 12:59:06 INFO TaskSetManager: Starting task 0.0 in stage 0.0 (TID 0) (midway3-0149.rcc.local, executor driver, partition 0, PROCESS_LOCAL, 4923 bytes) taskResourceAssignments Map()
24/11/07 12:59:06 INFO Executor: Running task 0.0 in stage 0.0 (TID 0)
24/11/07 12:59:07 INFO FileOutputCommitter: File Output Committer Algorithm version is 1
24/11/07 12:59:07 INFO FileOutputCommitter: FileOutputCommitter skip cleanup _temporary folders under output directory:false, ignore cleanup failures: false
24/11/07 12:59:07 INFO SQLHadoopMapReduceCommitProtocol: Using output committer class org.apache.hadoop.mapreduce.lib.output.FileOutputCommitter
24/11/07 12:59:07 INFO FileScanRDD: Reading File path: file:///home/asarria/ideology/data/session_texts.csv, range: 0-6277759708, partition values: [empty row]
24/11/07 12:59:07 INFO CodeGenerator: Code generated in 11.069928 ms
24/11/07 12:59:07 WARN CSVHeaderChecker: CSV header does not conform to the schema.
 Header: , intervention_pairs
 Schema: id, interventions
Expected: id but found: 
CSV file: file:///home/asarria/ideology/data/session_texts.csv
24/11/07 13:03:06 INFO FileOutputCommitter: Saved output of task 'attempt_202411071259069111252787110411704_0000_m_000000_0' to file:/home/asarria/ideology/data/interventions/_temporary/0/task_202411071259069111252787110411704_0000_m_000000
24/11/07 13:03:06 INFO SparkHadoopMapRedUtil: attempt_202411071259069111252787110411704_0000_m_000000_0: Committed. Elapsed time: 2 ms.
24/11/07 13:03:06 INFO Executor: Finished task 0.0 in stage 0.0 (TID 0). 2721 bytes result sent to driver
24/11/07 13:03:06 INFO TaskSetManager: Finished task 0.0 in stage 0.0 (TID 0) in 239983 ms on midway3-0149.rcc.local (executor driver) (1/1)
24/11/07 13:03:06 INFO TaskSchedulerImpl: Removed TaskSet 0.0, whose tasks have all completed, from pool 
24/11/07 13:03:06 INFO DAGScheduler: ResultStage 0 (csv at NativeMethodAccessorImpl.java:0) finished in 240.089 s
24/11/07 13:03:06 INFO DAGScheduler: Job 0 is finished. Cancelling potential speculative or zombie tasks for this job
24/11/07 13:03:06 INFO TaskSchedulerImpl: Killing all running tasks in stage 0: Stage finished
24/11/07 13:03:06 INFO DAGScheduler: Job 0 finished: csv at NativeMethodAccessorImpl.java:0, took 240.116868 s
24/11/07 13:03:06 INFO FileFormatWriter: Start to commit write Job 486384ce-110b-4ac5-89db-05f084ec8ff1.
24/11/07 13:03:06 INFO FileFormatWriter: Write Job 486384ce-110b-4ac5-89db-05f084ec8ff1 committed. Elapsed time: 10 ms.
24/11/07 13:03:06 INFO FileFormatWriter: Finished processing stats for write job 486384ce-110b-4ac5-89db-05f084ec8ff1.
24/11/07 13:03:07 INFO FileSourceStrategy: Pushed Filters: 
24/11/07 13:03:07 INFO FileSourceStrategy: Post-Scan Filters: (size(split(regexp_replace(interventions#7, ^\[|\]$, , 1), \], \[, -1), true) > 0),isnotnull(split(regexp_replace(interventions#7, ^\[|\]$, , 1), \], \[, -1))
24/11/07 13:03:07 INFO FileSourceStrategy: Output Data Schema: struct<interventions: string>
24/11/07 13:03:07 INFO CodeGenerator: Code generated in 24.953968 ms
24/11/07 13:03:07 INFO MemoryStore: Block broadcast_2 stored as values in memory (estimated size 200.6 KiB, free 433.7 MiB)
24/11/07 13:03:07 INFO MemoryStore: Block broadcast_2_piece0 stored as bytes in memory (estimated size 34.5 KiB, free 433.6 MiB)
24/11/07 13:03:07 INFO BlockManagerInfo: Added broadcast_2_piece0 in memory on midway3-0149.rcc.local:35457 (size: 34.5 KiB, free: 434.3 MiB)
24/11/07 13:03:07 INFO SparkContext: Created broadcast 2 from count at NativeMethodAccessorImpl.java:0
24/11/07 13:03:07 INFO FileSourceScanExec: Planning scan with bin packing, max size: 268435456 bytes, open cost is considered as scanning 4194304 bytes.
24/11/07 13:03:07 INFO DAGScheduler: Registering RDD 6 (count at NativeMethodAccessorImpl.java:0) as input to shuffle 0
24/11/07 13:03:07 INFO DAGScheduler: Got map stage job 1 (count at NativeMethodAccessorImpl.java:0) with 1 output partitions
24/11/07 13:03:07 INFO DAGScheduler: Final stage: ShuffleMapStage 1 (count at NativeMethodAccessorImpl.java:0)
24/11/07 13:03:07 INFO DAGScheduler: Parents of final stage: List()
24/11/07 13:03:07 INFO DAGScheduler: Missing parents: List()
24/11/07 13:03:07 INFO DAGScheduler: Submitting ShuffleMapStage 1 (MapPartitionsRDD[6] at count at NativeMethodAccessorImpl.java:0), which has no missing parents
24/11/07 13:03:07 INFO MemoryStore: Block broadcast_3 stored as values in memory (estimated size 24.1 KiB, free 433.6 MiB)
24/11/07 13:03:07 INFO MemoryStore: Block broadcast_3_piece0 stored as bytes in memory (estimated size 10.5 KiB, free 433.6 MiB)
24/11/07 13:03:07 INFO BlockManagerInfo: Added broadcast_3_piece0 in memory on midway3-0149.rcc.local:35457 (size: 10.5 KiB, free: 434.2 MiB)
24/11/07 13:03:07 INFO SparkContext: Created broadcast 3 from broadcast at DAGScheduler.scala:1513
24/11/07 13:03:07 INFO DAGScheduler: Submitting 1 missing tasks from ShuffleMapStage 1 (MapPartitionsRDD[6] at count at NativeMethodAccessorImpl.java:0) (first 15 tasks are for partitions Vector(0))
24/11/07 13:03:07 INFO TaskSchedulerImpl: Adding task set 1.0 with 1 tasks resource profile 0
24/11/07 13:03:07 INFO TaskSetManager: Starting task 0.0 in stage 1.0 (TID 1) (midway3-0149.rcc.local, executor driver, partition 0, PROCESS_LOCAL, 4912 bytes) taskResourceAssignments Map()
24/11/07 13:03:07 INFO Executor: Running task 0.0 in stage 1.0 (TID 1)
24/11/07 13:03:07 INFO FileScanRDD: Reading File path: file:///home/asarria/ideology/data/session_texts.csv, range: 0-6277759708, partition values: [empty row]
24/11/07 13:03:07 INFO CodeGenerator: Code generated in 6.025541 ms
24/11/07 13:03:07 WARN CSVHeaderChecker: CSV header does not conform to the schema.
 Header: intervention_pairs
 Schema: interventions
Expected: interventions but found: intervention_pairs
CSV file: file:///home/asarria/ideology/data/session_texts.csv
24/11/07 13:03:07 INFO BlockManagerInfo: Removed broadcast_1_piece0 on midway3-0149.rcc.local:35457 in memory (size: 79.3 KiB, free: 434.3 MiB)
24/11/07 13:03:07 INFO BlockManagerInfo: Removed broadcast_0_piece0 on midway3-0149.rcc.local:35457 in memory (size: 34.5 KiB, free: 434.4 MiB)
24/11/07 13:06:56 INFO Executor: Finished task 0.0 in stage 1.0 (TID 1). 2089 bytes result sent to driver
24/11/07 13:06:56 INFO TaskSetManager: Finished task 0.0 in stage 1.0 (TID 1) in 229702 ms on midway3-0149.rcc.local (executor driver) (1/1)
24/11/07 13:06:56 INFO TaskSchedulerImpl: Removed TaskSet 1.0, whose tasks have all completed, from pool 
24/11/07 13:06:56 INFO DAGScheduler: ShuffleMapStage 1 (count at NativeMethodAccessorImpl.java:0) finished in 229.717 s
24/11/07 13:06:56 INFO DAGScheduler: looking for newly runnable stages
24/11/07 13:06:56 INFO DAGScheduler: running: Set()
24/11/07 13:06:56 INFO DAGScheduler: waiting: Set()
24/11/07 13:06:56 INFO DAGScheduler: failed: Set()
24/11/07 13:06:56 INFO CodeGenerator: Code generated in 7.439441 ms
24/11/07 13:06:56 INFO SparkContext: Starting job: count at NativeMethodAccessorImpl.java:0
24/11/07 13:06:56 INFO DAGScheduler: Got job 2 (count at NativeMethodAccessorImpl.java:0) with 1 output partitions
24/11/07 13:06:56 INFO DAGScheduler: Final stage: ResultStage 3 (count at NativeMethodAccessorImpl.java:0)
24/11/07 13:06:56 INFO DAGScheduler: Parents of final stage: List(ShuffleMapStage 2)
24/11/07 13:06:56 INFO DAGScheduler: Missing parents: List()
24/11/07 13:06:56 INFO DAGScheduler: Submitting ResultStage 3 (MapPartitionsRDD[9] at count at NativeMethodAccessorImpl.java:0), which has no missing parents
24/11/07 13:06:56 INFO MemoryStore: Block broadcast_4 stored as values in memory (estimated size 11.1 KiB, free 434.1 MiB)
24/11/07 13:06:56 INFO MemoryStore: Block broadcast_4_piece0 stored as bytes in memory (estimated size 5.5 KiB, free 434.1 MiB)
24/11/07 13:06:56 INFO BlockManagerInfo: Added broadcast_4_piece0 in memory on midway3-0149.rcc.local:35457 (size: 5.5 KiB, free: 434.4 MiB)
24/11/07 13:06:56 INFO SparkContext: Created broadcast 4 from broadcast at DAGScheduler.scala:1513
24/11/07 13:06:56 INFO DAGScheduler: Submitting 1 missing tasks from ResultStage 3 (MapPartitionsRDD[9] at count at NativeMethodAccessorImpl.java:0) (first 15 tasks are for partitions Vector(0))
24/11/07 13:06:56 INFO TaskSchedulerImpl: Adding task set 3.0 with 1 tasks resource profile 0
24/11/07 13:06:56 INFO TaskSetManager: Starting task 0.0 in stage 3.0 (TID 2) (midway3-0149.rcc.local, executor driver, partition 0, NODE_LOCAL, 4453 bytes) taskResourceAssignments Map()
24/11/07 13:06:56 INFO Executor: Running task 0.0 in stage 3.0 (TID 2)
24/11/07 13:06:57 INFO ShuffleBlockFetcherIterator: Getting 1 (60.0 B) non-empty blocks including 1 (60.0 B) local and 0 (0.0 B) host-local and 0 (0.0 B) push-merged-local and 0 (0.0 B) remote blocks
24/11/07 13:06:57 INFO ShuffleBlockFetcherIterator: Started 0 remote fetches in 43 ms
24/11/07 13:06:57 INFO Executor: Finished task 0.0 in stage 3.0 (TID 2). 2656 bytes result sent to driver
24/11/07 13:06:57 INFO TaskSetManager: Finished task 0.0 in stage 3.0 (TID 2) in 83 ms on midway3-0149.rcc.local (executor driver) (1/1)
24/11/07 13:06:57 INFO TaskSchedulerImpl: Removed TaskSet 3.0, whose tasks have all completed, from pool 
24/11/07 13:06:57 INFO DAGScheduler: ResultStage 3 (count at NativeMethodAccessorImpl.java:0) finished in 0.094 s
24/11/07 13:06:57 INFO DAGScheduler: Job 2 is finished. Cancelling potential speculative or zombie tasks for this job
24/11/07 13:06:57 INFO TaskSchedulerImpl: Killing all running tasks in stage 3: Stage finished
24/11/07 13:06:57 INFO DAGScheduler: Job 2 finished: count at NativeMethodAccessorImpl.java:0, took 0.130975 s
Number of rows in intervention DataFrame: 8992
24/11/07 13:06:57 INFO SparkUI: Stopped Spark web UI at http://midway3-0149.rcc.local:4040
24/11/07 13:06:57 INFO MapOutputTrackerMasterEndpoint: MapOutputTrackerMasterEndpoint stopped!
24/11/07 13:06:57 INFO MemoryStore: MemoryStore cleared
24/11/07 13:06:57 INFO BlockManager: BlockManager stopped
24/11/07 13:06:57 INFO BlockManagerMaster: BlockManagerMaster stopped
24/11/07 13:06:57 INFO OutputCommitCoordinator$OutputCommitCoordinatorEndpoint: OutputCommitCoordinator stopped!
24/11/07 13:06:57 INFO SparkContext: Successfully stopped SparkContext
24/11/07 13:06:57 INFO ShutdownHookManager: Shutdown hook called
24/11/07 13:06:57 INFO ShutdownHookManager: Deleting directory /tmp/spark-5a252ad1-8820-43b9-9b50-f726441cd2f2
24/11/07 13:06:57 INFO ShutdownHookManager: Deleting directory /tmp/spark-62491d8d-4788-44af-ad9b-7bef5e249109
24/11/07 13:06:57 INFO ShutdownHookManager: Deleting directory /tmp/spark-62491d8d-4788-44af-ad9b-7bef5e249109/pyspark-8596396c-9c58-4109-a287-e4ce4e9e91f1
