24/10/27 17:49:46 WARN NativeCodeLoader: Unable to load native-hadoop library for your platform... using builtin-java classes where applicable
24/10/27 17:49:48 INFO SparkContext: Running Spark version 3.3.2
24/10/27 17:49:48 INFO ResourceUtils: ==============================================================
24/10/27 17:49:48 INFO ResourceUtils: No custom resources configured for spark.driver.
24/10/27 17:49:48 INFO ResourceUtils: ==============================================================
24/10/27 17:49:48 INFO SparkContext: Submitted application: Create Intervention DataFrame
24/10/27 17:49:48 INFO ResourceProfile: Default ResourceProfile created, executor resources: Map(cores -> name: cores, amount: 1, script: , vendor: , memory -> name: memory, amount: 1024, script: , vendor: , offHeap -> name: offHeap, amount: 0, script: , vendor: ), task resources: Map(cpus -> name: cpus, amount: 1.0)
24/10/27 17:49:48 INFO ResourceProfile: Limiting resource is cpu
24/10/27 17:49:48 INFO ResourceProfileManager: Added ResourceProfile id: 0
24/10/27 17:49:48 INFO SecurityManager: Changing view acls to: asarria
24/10/27 17:49:48 INFO SecurityManager: Changing modify acls to: asarria
24/10/27 17:49:48 INFO SecurityManager: Changing view acls groups to: 
24/10/27 17:49:48 INFO SecurityManager: Changing modify acls groups to: 
24/10/27 17:49:48 INFO SecurityManager: SecurityManager: authentication disabled; ui acls disabled; users  with view permissions: Set(asarria); groups with view permissions: Set(); users  with modify permissions: Set(asarria); groups with modify permissions: Set()
24/10/27 17:49:49 INFO Utils: Successfully started service 'sparkDriver' on port 40439.
24/10/27 17:49:49 INFO SparkEnv: Registering MapOutputTracker
24/10/27 17:49:49 INFO SparkEnv: Registering BlockManagerMaster
24/10/27 17:49:49 INFO BlockManagerMasterEndpoint: Using org.apache.spark.storage.DefaultTopologyMapper for getting topology information
24/10/27 17:49:49 INFO BlockManagerMasterEndpoint: BlockManagerMasterEndpoint up
24/10/27 17:49:49 INFO SparkEnv: Registering BlockManagerMasterHeartbeat
24/10/27 17:49:49 INFO DiskBlockManager: Created local directory at /tmp/blockmgr-5c86ec8f-ff7a-4f08-a2c5-d978a560aedc
24/10/27 17:49:49 INFO MemoryStore: MemoryStore started with capacity 434.4 MiB
24/10/27 17:49:49 INFO SparkEnv: Registering OutputCommitCoordinator
24/10/27 17:49:49 INFO Utils: Successfully started service 'SparkUI' on port 4040.
24/10/27 17:49:49 INFO SparkContext: Added JAR file:///project/macs40123/spark-jars/graphframes-0.8.3-spark3.4-s_2.12.jar at spark://midway3-0064.rcc.local:40439/jars/graphframes-0.8.3-spark3.4-s_2.12.jar with timestamp 1730069388901
24/10/27 17:49:49 INFO Executor: Starting executor ID driver on host midway3-0064.rcc.local
24/10/27 17:49:49 INFO Executor: Starting executor with user classpath (userClassPathFirst = false): ''
24/10/27 17:49:49 INFO Executor: Fetching spark://midway3-0064.rcc.local:40439/jars/graphframes-0.8.3-spark3.4-s_2.12.jar with timestamp 1730069388901
24/10/27 17:49:49 INFO TransportClientFactory: Successfully created connection to midway3-0064.rcc.local/10.50.250.64:40439 after 19 ms (0 ms spent in bootstraps)
24/10/27 17:49:49 INFO Utils: Fetching spark://midway3-0064.rcc.local:40439/jars/graphframes-0.8.3-spark3.4-s_2.12.jar to /tmp/spark-21dec959-f1e3-4c6a-a11a-0c5e87331e03/userFiles-0c36d3e1-63c5-4be0-99af-68fda068d6f0/fetchFileTemp6866449963216275906.tmp
24/10/27 17:49:49 INFO Executor: Adding file:/tmp/spark-21dec959-f1e3-4c6a-a11a-0c5e87331e03/userFiles-0c36d3e1-63c5-4be0-99af-68fda068d6f0/graphframes-0.8.3-spark3.4-s_2.12.jar to class loader
24/10/27 17:49:49 INFO Utils: Successfully started service 'org.apache.spark.network.netty.NettyBlockTransferService' on port 35533.
24/10/27 17:49:49 INFO NettyBlockTransferService: Server created on midway3-0064.rcc.local:35533
24/10/27 17:49:49 INFO BlockManager: Using org.apache.spark.storage.RandomBlockReplicationPolicy for block replication policy
24/10/27 17:49:49 INFO BlockManagerMaster: Registering BlockManager BlockManagerId(driver, midway3-0064.rcc.local, 35533, None)
24/10/27 17:49:49 INFO BlockManagerMasterEndpoint: Registering block manager midway3-0064.rcc.local:35533 with 434.4 MiB RAM, BlockManagerId(driver, midway3-0064.rcc.local, 35533, None)
24/10/27 17:49:49 INFO BlockManagerMaster: Registered BlockManager BlockManagerId(driver, midway3-0064.rcc.local, 35533, None)
24/10/27 17:49:49 INFO BlockManager: Initialized BlockManager: BlockManagerId(driver, midway3-0064.rcc.local, 35533, None)
Starting Spark job...
24/10/27 17:49:49 INFO SharedState: Setting hive.metastore.warehouse.dir ('null') to the value of spark.sql.warehouse.dir.
24/10/27 17:49:49 INFO SharedState: Warehouse path is 'file:/home/asarria/ideology/spark-warehouse'.
24/10/27 17:49:50 INFO InMemoryFileIndex: It took 25 ms to list leaf files for 1 paths.
CSV file read successfully
Traceback (most recent call last):
  File "/home/asarria/ideology/create_intervention_df.py", line 42, in <module>
    intervention_df.coalesce(1).write.csv(r"data/interventions.csv", header=True, mode="DROPMALFORMED")
  File "/software/spark-3.3.2-el8-x86_64/python/lib/pyspark.zip/pyspark/sql/readwriter.py", line 1221, in csv
  File "/software/spark-3.3.2-el8-x86_64/python/lib/pyspark.zip/pyspark/sql/readwriter.py", line 757, in mode
  File "/software/spark-3.3.2-el8-x86_64/python/lib/py4j-0.10.9.5-src.zip/py4j/java_gateway.py", line 1321, in __call__
  File "/software/spark-3.3.2-el8-x86_64/python/lib/pyspark.zip/pyspark/sql/utils.py", line 196, in deco
pyspark.sql.utils.IllegalArgumentException: Unknown save mode: DROPMALFORMED. Accepted save modes are 'overwrite', 'append', 'ignore', 'error', 'errorifexists', 'default'.
24/10/27 17:49:51 INFO SparkContext: Invoking stop() from shutdown hook
24/10/27 17:49:51 INFO SparkUI: Stopped Spark web UI at http://midway3-0064.rcc.local:4040
24/10/27 17:49:51 INFO MapOutputTrackerMasterEndpoint: MapOutputTrackerMasterEndpoint stopped!
24/10/27 17:49:51 INFO MemoryStore: MemoryStore cleared
24/10/27 17:49:51 INFO BlockManager: BlockManager stopped
24/10/27 17:49:51 INFO BlockManagerMaster: BlockManagerMaster stopped
24/10/27 17:49:51 INFO OutputCommitCoordinator$OutputCommitCoordinatorEndpoint: OutputCommitCoordinator stopped!
24/10/27 17:49:51 INFO SparkContext: Successfully stopped SparkContext
24/10/27 17:49:51 INFO ShutdownHookManager: Shutdown hook called
24/10/27 17:49:51 INFO ShutdownHookManager: Deleting directory /tmp/spark-21dec959-f1e3-4c6a-a11a-0c5e87331e03/pyspark-f104c389-0058-4bab-9b37-fad6d4f5fd9a
24/10/27 17:49:51 INFO ShutdownHookManager: Deleting directory /tmp/spark-21dec959-f1e3-4c6a-a11a-0c5e87331e03
24/10/27 17:49:51 INFO ShutdownHookManager: Deleting directory /tmp/spark-6f5c8f5a-aabe-4f21-b629-ebfdbef8065e
Starting Spark job...
CSV file read successfully
Traceback (most recent call last):
  File "/home/asarria/ideology/create_intervention_df.py", line 42, in <module>
    intervention_df.coalesce(1).write.csv(r"data/interventions.csv", header=True, mode="DROPMALFORMED")
  File "/software/spark-3.3.2-el8-x86_64/python/lib/pyspark.zip/pyspark/sql/readwriter.py", line 1221, in csv
  File "/software/spark-3.3.2-el8-x86_64/python/lib/pyspark.zip/pyspark/sql/readwriter.py", line 757, in mode
  File "/software/spark-3.3.2-el8-x86_64/python/lib/py4j-0.10.9.5-src.zip/py4j/java_gateway.py", line 1321, in __call__
  File "/software/spark-3.3.2-el8-x86_64/python/lib/pyspark.zip/pyspark/sql/utils.py", line 196, in deco
pyspark.sql.utils.IllegalArgumentException: Unknown save mode: DROPMALFORMED. Accepted save modes are 'overwrite', 'append', 'ignore', 'error', 'errorifexists', 'default'.
